<?xml version="1.0" encoding="UTF-8"?>
<!-- Generated by org.testng.reporters.JUnitReportReporter -->
<testsuite hostname="DESKTOP-E715H5R" failures="0" tests="1" name="testpackage.ActiTimeInvalidLogin" time="62.885" errors="0" timestamp="2022-06-14T14:34:31 IST" skipped="0">
  <testcase classname="testpackage.ActiTimeInvalidLogin" name="actiTimeInvalidLogin" time="62.885"/>
  <system-out>
    <![CDATA[Test has been started
7
Test is successfully executed]]>
  </system-out>
</testsuite> <!-- testpackage.ActiTimeInvalidLogin -->
