<?xml version="1.0" encoding="UTF-8"?>
<!-- Generated by org.testng.reporters.JUnitReportReporter -->
<testsuite hostname="DESKTOP-E715H5R" failures="0" tests="1" name="testpackage.ActiTimeValidLogin" time="22.061" errors="0" timestamp="2022-06-14T14:34:31 IST" skipped="0">
  <testcase classname="testpackage.ActiTimeValidLogin" name="actiTimeValidLogin" time="22.061"/>
  <system-out>
    <![CDATA[Test has been started
Test is successfully executed]]>
  </system-out>
</testsuite> <!-- testpackage.ActiTimeValidLogin -->
